2024-01-13 10:16:25,204 Worker rq:worker:15587c30845d458397e3beb9a187bc30: started, version 1.11.1
2024-01-13 10:16:25,205 Subscribing to channel rq:pubsub:15587c30845d458397e3beb9a187bc30
2024-01-13 10:16:25,209 *** Listening on home-hevin-localrepo-hevin1:short, home-hevin-localrepo-hevin1:default, home-hevin-localrepo-hevin1:long...
2024-01-13 10:16:25,211 Cleaning registries for queue: home-hevin-localrepo-hevin1:short
2024-01-13 10:16:25,213 Cleaning registries for queue: home-hevin-localrepo-hevin1:default
2024-01-13 10:16:25,216 Cleaning registries for queue: home-hevin-localrepo-hevin1:long
2024-01-13 10:33:29,457 Warm shut down requested
2024-01-13 10:37:58,489 Worker rq:worker:14b9dea9709b43d6aa11a56890678e7f: started, version 1.11.1
2024-01-13 10:37:58,489 Subscribing to channel rq:pubsub:14b9dea9709b43d6aa11a56890678e7f
2024-01-13 10:37:58,490 *** Listening on home-hevin-localrepo-hevin1:short, home-hevin-localrepo-hevin1:default, home-hevin-localrepo-hevin1:long...
2024-01-13 10:37:58,492 Cleaning registries for queue: home-hevin-localrepo-hevin1:short
2024-01-13 10:37:58,495 Cleaning registries for queue: home-hevin-localrepo-hevin1:default
2024-01-13 10:37:58,497 Cleaning registries for queue: home-hevin-localrepo-hevin1:long
2024-01-13 10:41:00,185 home-hevin-localrepo-hevin1:default: frappe.utils.background_jobs.execute_job(event=None, is_async=True, job_name='frappe.core.doctype.scheduled_job_type.scheduled_job_type.run_scheduled_jo..., kwargs={'job_type': 'frappe.monitor.flush'}, method='frappe.core.doctype.scheduled_job_type.scheduled_job_type.run_scheduled_jo..., site='car.com', user='Administrator') (car.com::scheduled_job::frappe.monitor.flush)
2024-01-13 10:41:00,698 home-hevin-localrepo-hevin1:default: Job OK (car.com::scheduled_job::frappe.monitor.flush)
2024-01-13 10:41:00,698 Result is kept for 600 seconds
2024-01-13 10:41:00,704 home-hevin-localrepo-hevin1:default: frappe.utils.background_jobs.execute_job(event=None, is_async=True, job_name='frappe.core.doctype.scheduled_job_type.scheduled_job_type.run_scheduled_jo..., kwargs={'job_type': 'frappe.utils.global_search.sync_global_search'}, method='frappe.core.doctype.scheduled_job_type.scheduled_job_type.run_scheduled_jo..., site='car.com', user='Administrator') (car.com::scheduled_job::frappe.utils.global_search.sync_global_search)
2024-01-13 10:41:01,026 home-hevin-localrepo-hevin1:default: Job OK (car.com::scheduled_job::frappe.utils.global_search.sync_global_search)
2024-01-13 10:41:01,026 Result is kept for 600 seconds
2024-01-13 10:41:01,034 home-hevin-localrepo-hevin1:default: frappe.utils.background_jobs.execute_job(event=None, is_async=True, job_name='frappe.core.doctype.scheduled_job_type.scheduled_job_type.run_scheduled_jo..., kwargs={'job_type': 'frappe.email.doctype.email_account.email_account.notify_unrep..., method='frappe.core.doctype.scheduled_job_type.scheduled_job_type.run_scheduled_jo..., site='car.com', user='Administrator') (car.com::scheduled_job::frappe.email.doctype.email_account.email_account.notify_unreplied)
2024-01-13 10:41:01,327 home-hevin-localrepo-hevin1:default: Job OK (car.com::scheduled_job::frappe.email.doctype.email_account.email_account.notify_unreplied)
2024-01-13 10:41:01,327 Result is kept for 600 seconds
2024-01-13 10:41:01,336 home-hevin-localrepo-hevin1:default: frappe.utils.background_jobs.execute_job(event=None, is_async=True, job_name='frappe.core.doctype.scheduled_job_type.scheduled_job_type.run_scheduled_jo..., kwargs={'job_type': 'frappe.email.queue.flush'}, method='frappe.core.doctype.scheduled_job_type.scheduled_job_type.run_scheduled_jo..., site='car.com', user='Administrator') (car.com::scheduled_job::frappe.email.queue.flush)
2024-01-13 10:41:01,706 home-hevin-localrepo-hevin1:default: Job OK (car.com::scheduled_job::frappe.email.queue.flush)
2024-01-13 10:41:01,706 Result is kept for 600 seconds
2024-01-13 10:41:01,715 home-hevin-localrepo-hevin1:default: frappe.utils.background_jobs.execute_job(event=None, is_async=True, job_name='frappe.core.doctype.scheduled_job_type.scheduled_job_type.run_scheduled_jo..., kwargs={'job_type': 'frappe.email.doctype.email_account.email_account.pull'}, method='frappe.core.doctype.scheduled_job_type.scheduled_job_type.run_scheduled_jo..., site='car.com', user='Administrator') (car.com::scheduled_job::frappe.email.doctype.email_account.email_account.pull)
2024-01-13 10:41:02,156 home-hevin-localrepo-hevin1:default: Job OK (car.com::scheduled_job::frappe.email.doctype.email_account.email_account.pull)
2024-01-13 10:41:02,156 Result is kept for 600 seconds
2024-01-13 10:44:00,967 home-hevin-localrepo-hevin1:default: frappe.utils.background_jobs.execute_job(event=None, is_async=True, job_name='frappe.core.doctype.scheduled_job_type.scheduled_job_type.run_scheduled_jo..., kwargs={'job_type': 'frappe.monitor.flush'}, method='frappe.core.doctype.scheduled_job_type.scheduled_job_type.run_scheduled_jo..., site='car.com', user='Administrator') (car.com::scheduled_job::frappe.monitor.flush)
2024-01-13 10:44:01,253 home-hevin-localrepo-hevin1:default: Job OK (car.com::scheduled_job::frappe.monitor.flush)
2024-01-13 10:44:01,254 Result is kept for 600 seconds
2024-01-13 10:44:01,259 home-hevin-localrepo-hevin1:default: frappe.utils.background_jobs.execute_job(event=None, is_async=True, job_name='frappe.core.doctype.scheduled_job_type.scheduled_job_type.run_scheduled_jo..., kwargs={'job_type': 'frappe.utils.global_search.sync_global_search'}, method='frappe.core.doctype.scheduled_job_type.scheduled_job_type.run_scheduled_jo..., site='car.com', user='Administrator') (car.com::scheduled_job::frappe.utils.global_search.sync_global_search)
2024-01-13 10:44:01,571 home-hevin-localrepo-hevin1:default: Job OK (car.com::scheduled_job::frappe.utils.global_search.sync_global_search)
2024-01-13 10:44:01,571 Result is kept for 600 seconds
2024-01-13 10:44:01,584 home-hevin-localrepo-hevin1:default: frappe.utils.background_jobs.execute_job(event=None, is_async=True, job_name='frappe.core.doctype.scheduled_job_type.scheduled_job_type.run_scheduled_jo..., kwargs={'job_type': 'frappe.email.doctype.email_account.email_account.notify_unrep..., method='frappe.core.doctype.scheduled_job_type.scheduled_job_type.run_scheduled_jo..., site='car.com', user='Administrator') (car.com::scheduled_job::frappe.email.doctype.email_account.email_account.notify_unreplied)
2024-01-13 10:44:01,877 home-hevin-localrepo-hevin1:default: Job OK (car.com::scheduled_job::frappe.email.doctype.email_account.email_account.notify_unreplied)
2024-01-13 10:44:01,877 Result is kept for 600 seconds
2024-01-13 10:44:01,886 home-hevin-localrepo-hevin1:default: frappe.utils.background_jobs.execute_job(event=None, is_async=True, job_name='frappe.core.doctype.scheduled_job_type.scheduled_job_type.run_scheduled_jo..., kwargs={'job_type': 'frappe.email.queue.flush'}, method='frappe.core.doctype.scheduled_job_type.scheduled_job_type.run_scheduled_jo..., site='car.com', user='Administrator') (car.com::scheduled_job::frappe.email.queue.flush)
2024-01-13 10:44:02,240 home-hevin-localrepo-hevin1:default: Job OK (car.com::scheduled_job::frappe.email.queue.flush)
2024-01-13 10:44:02,240 Result is kept for 600 seconds
2024-01-13 10:45:01,197 home-hevin-localrepo-hevin1:default: frappe.utils.background_jobs.execute_job(event=None, is_async=True, job_name='frappe.core.doctype.scheduled_job_type.scheduled_job_type.run_scheduled_jo..., kwargs={'job_type': 'frappe.twofactor.delete_all_barcodes_for_users'}, method='frappe.core.doctype.scheduled_job_type.scheduled_job_type.run_scheduled_jo..., site='car.com', user='Administrator') (car.com::scheduled_job::frappe.twofactor.delete_all_barcodes_for_users)
2024-01-13 10:45:01,598 home-hevin-localrepo-hevin1:default: Job OK (car.com::scheduled_job::frappe.twofactor.delete_all_barcodes_for_users)
2024-01-13 10:45:01,598 Result is kept for 600 seconds
2024-01-13 10:45:01,605 home-hevin-localrepo-hevin1:default: frappe.utils.background_jobs.execute_job(event=None, is_async=True, job_name='frappe.core.doctype.scheduled_job_type.scheduled_job_type.run_scheduled_jo..., kwargs={'job_type': 'frappe.website.doctype.web_page.web_page.check_publish_status..., method='frappe.core.doctype.scheduled_job_type.scheduled_job_type.run_scheduled_jo..., site='car.com', user='Administrator') (car.com::scheduled_job::frappe.website.doctype.web_page.web_page.check_publish_status)
2024-01-13 10:45:02,117 home-hevin-localrepo-hevin1:default: Job OK (car.com::scheduled_job::frappe.website.doctype.web_page.web_page.check_publish_status)
2024-01-13 10:45:02,117 Result is kept for 600 seconds
2024-01-13 10:45:02,123 home-hevin-localrepo-hevin1:default: frappe.utils.background_jobs.execute_job(event=None, is_async=True, job_name='frappe.core.doctype.scheduled_job_type.scheduled_job_type.run_scheduled_jo..., kwargs={'job_type': 'frappe.oauth.delete_oauth2_data'}, method='frappe.core.doctype.scheduled_job_type.scheduled_job_type.run_scheduled_jo..., site='car.com', user='Administrator') (car.com::scheduled_job::frappe.oauth.delete_oauth2_data)
2024-01-13 10:45:02,585 home-hevin-localrepo-hevin1:default: Job OK (car.com::scheduled_job::frappe.oauth.delete_oauth2_data)
2024-01-13 10:45:02,585 Result is kept for 600 seconds
2024-01-13 10:48:01,897 home-hevin-localrepo-hevin1:default: frappe.utils.background_jobs.execute_job(event=None, is_async=True, job_name='frappe.core.doctype.scheduled_job_type.scheduled_job_type.run_scheduled_jo..., kwargs={'job_type': 'frappe.monitor.flush'}, method='frappe.core.doctype.scheduled_job_type.scheduled_job_type.run_scheduled_jo..., site='car.com', user='Administrator') (car.com::scheduled_job::frappe.monitor.flush)
2024-01-13 10:48:02,236 home-hevin-localrepo-hevin1:default: Job OK (car.com::scheduled_job::frappe.monitor.flush)
2024-01-13 10:48:02,237 Result is kept for 600 seconds
2024-01-13 10:48:02,242 home-hevin-localrepo-hevin1:default: frappe.utils.background_jobs.execute_job(event=None, is_async=True, job_name='frappe.core.doctype.scheduled_job_type.scheduled_job_type.run_scheduled_jo..., kwargs={'job_type': 'frappe.utils.global_search.sync_global_search'}, method='frappe.core.doctype.scheduled_job_type.scheduled_job_type.run_scheduled_jo..., site='car.com', user='Administrator') (car.com::scheduled_job::frappe.utils.global_search.sync_global_search)
2024-01-13 10:48:02,563 home-hevin-localrepo-hevin1:default: Job OK (car.com::scheduled_job::frappe.utils.global_search.sync_global_search)
2024-01-13 10:48:02,563 Result is kept for 600 seconds
2024-01-13 10:48:02,570 home-hevin-localrepo-hevin1:default: frappe.utils.background_jobs.execute_job(event=None, is_async=True, job_name='frappe.core.doctype.scheduled_job_type.scheduled_job_type.run_scheduled_jo..., kwargs={'job_type': 'frappe.email.doctype.email_account.email_account.notify_unrep..., method='frappe.core.doctype.scheduled_job_type.scheduled_job_type.run_scheduled_jo..., site='car.com', user='Administrator') (car.com::scheduled_job::frappe.email.doctype.email_account.email_account.notify_unreplied)
2024-01-13 10:48:02,910 home-hevin-localrepo-hevin1:default: Job OK (car.com::scheduled_job::frappe.email.doctype.email_account.email_account.notify_unreplied)
2024-01-13 10:48:02,910 Result is kept for 600 seconds
2024-01-13 10:48:02,921 home-hevin-localrepo-hevin1:default: frappe.utils.background_jobs.execute_job(event=None, is_async=True, job_name='frappe.core.doctype.scheduled_job_type.scheduled_job_type.run_scheduled_jo..., kwargs={'job_type': 'frappe.email.queue.flush'}, method='frappe.core.doctype.scheduled_job_type.scheduled_job_type.run_scheduled_jo..., site='car.com', user='Administrator') (car.com::scheduled_job::frappe.email.queue.flush)
2024-01-13 10:48:03,532 home-hevin-localrepo-hevin1:default: Job OK (car.com::scheduled_job::frappe.email.queue.flush)
2024-01-13 10:48:03,533 Result is kept for 600 seconds
2024-01-13 10:50:02,336 home-hevin-localrepo-hevin1:default: frappe.utils.background_jobs.execute_job(event=None, is_async=True, job_name='frappe.core.doctype.scheduled_job_type.scheduled_job_type.run_scheduled_jo..., kwargs={'job_type': 'frappe.email.doctype.email_account.email_account.pull'}, method='frappe.core.doctype.scheduled_job_type.scheduled_job_type.run_scheduled_jo..., site='car.com', user='Administrator') (car.com::scheduled_job::frappe.email.doctype.email_account.email_account.pull)
2024-01-13 10:50:05,111 home-hevin-localrepo-hevin1:default: Job OK (car.com::scheduled_job::frappe.email.doctype.email_account.email_account.pull)
2024-01-13 10:50:05,112 Result is kept for 600 seconds
2024-01-13 10:52:02,927 home-hevin-localrepo-hevin1:default: frappe.utils.background_jobs.execute_job(event=None, is_async=True, job_name='frappe.core.doctype.scheduled_job_type.scheduled_job_type.run_scheduled_jo..., kwargs={'job_type': 'frappe.monitor.flush'}, method='frappe.core.doctype.scheduled_job_type.scheduled_job_type.run_scheduled_jo..., site='car.com', user='Administrator') (car.com::scheduled_job::frappe.monitor.flush)
2024-01-13 10:52:03,230 home-hevin-localrepo-hevin1:default: Job OK (car.com::scheduled_job::frappe.monitor.flush)
2024-01-13 10:52:03,230 Result is kept for 600 seconds
2024-01-13 10:52:03,239 home-hevin-localrepo-hevin1:default: frappe.utils.background_jobs.execute_job(event=None, is_async=True, job_name='frappe.core.doctype.scheduled_job_type.scheduled_job_type.run_scheduled_jo..., kwargs={'job_type': 'frappe.utils.global_search.sync_global_search'}, method='frappe.core.doctype.scheduled_job_type.scheduled_job_type.run_scheduled_jo..., site='car.com', user='Administrator') (car.com::scheduled_job::frappe.utils.global_search.sync_global_search)
2024-01-13 10:52:03,581 home-hevin-localrepo-hevin1:default: Job OK (car.com::scheduled_job::frappe.utils.global_search.sync_global_search)
2024-01-13 10:52:03,581 Result is kept for 600 seconds
2024-01-13 10:52:03,587 home-hevin-localrepo-hevin1:default: frappe.utils.background_jobs.execute_job(event=None, is_async=True, job_name='frappe.core.doctype.scheduled_job_type.scheduled_job_type.run_scheduled_jo..., kwargs={'job_type': 'frappe.email.doctype.email_account.email_account.notify_unrep..., method='frappe.core.doctype.scheduled_job_type.scheduled_job_type.run_scheduled_jo..., site='car.com', user='Administrator') (car.com::scheduled_job::frappe.email.doctype.email_account.email_account.notify_unreplied)
2024-01-13 10:52:03,933 home-hevin-localrepo-hevin1:default: Job OK (car.com::scheduled_job::frappe.email.doctype.email_account.email_account.notify_unreplied)
2024-01-13 10:52:03,933 Result is kept for 600 seconds
2024-01-13 10:52:03,939 home-hevin-localrepo-hevin1:default: frappe.utils.background_jobs.execute_job(event=None, is_async=True, job_name='frappe.core.doctype.scheduled_job_type.scheduled_job_type.run_scheduled_jo..., kwargs={'job_type': 'frappe.email.queue.flush'}, method='frappe.core.doctype.scheduled_job_type.scheduled_job_type.run_scheduled_jo..., site='car.com', user='Administrator') (car.com::scheduled_job::frappe.email.queue.flush)
2024-01-13 10:52:04,392 home-hevin-localrepo-hevin1:default: Job OK (car.com::scheduled_job::frappe.email.queue.flush)
2024-01-13 10:52:04,392 Result is kept for 600 seconds
2024-01-13 10:56:03,901 home-hevin-localrepo-hevin1:default: frappe.utils.background_jobs.execute_job(event=None, is_async=True, job_name='frappe.core.doctype.scheduled_job_type.scheduled_job_type.run_scheduled_jo..., kwargs={'job_type': 'frappe.monitor.flush'}, method='frappe.core.doctype.scheduled_job_type.scheduled_job_type.run_scheduled_jo..., site='car.com', user='Administrator') (car.com::scheduled_job::frappe.monitor.flush)
2024-01-13 10:56:04,214 home-hevin-localrepo-hevin1:default: Job OK (car.com::scheduled_job::frappe.monitor.flush)
2024-01-13 10:56:04,214 Result is kept for 600 seconds
2024-01-13 10:56:04,219 home-hevin-localrepo-hevin1:default: frappe.utils.background_jobs.execute_job(event=None, is_async=True, job_name='frappe.core.doctype.scheduled_job_type.scheduled_job_type.run_scheduled_jo..., kwargs={'job_type': 'frappe.utils.global_search.sync_global_search'}, method='frappe.core.doctype.scheduled_job_type.scheduled_job_type.run_scheduled_jo..., site='car.com', user='Administrator') (car.com::scheduled_job::frappe.utils.global_search.sync_global_search)
2024-01-13 10:56:04,484 home-hevin-localrepo-hevin1:default: Job OK (car.com::scheduled_job::frappe.utils.global_search.sync_global_search)
2024-01-13 10:56:04,485 Result is kept for 600 seconds
2024-01-13 10:56:04,493 home-hevin-localrepo-hevin1:default: frappe.utils.background_jobs.execute_job(event=None, is_async=True, job_name='frappe.core.doctype.scheduled_job_type.scheduled_job_type.run_scheduled_jo..., kwargs={'job_type': 'frappe.email.doctype.email_account.email_account.notify_unrep..., method='frappe.core.doctype.scheduled_job_type.scheduled_job_type.run_scheduled_jo..., site='car.com', user='Administrator') (car.com::scheduled_job::frappe.email.doctype.email_account.email_account.notify_unreplied)
2024-01-13 10:56:04,875 home-hevin-localrepo-hevin1:default: Job OK (car.com::scheduled_job::frappe.email.doctype.email_account.email_account.notify_unreplied)
2024-01-13 10:56:04,879 Result is kept for 600 seconds
2024-01-13 10:56:04,886 home-hevin-localrepo-hevin1:default: frappe.utils.background_jobs.execute_job(event=None, is_async=True, job_name='frappe.core.doctype.scheduled_job_type.scheduled_job_type.run_scheduled_jo..., kwargs={'job_type': 'frappe.email.queue.flush'}, method='frappe.core.doctype.scheduled_job_type.scheduled_job_type.run_scheduled_jo..., site='car.com', user='Administrator') (car.com::scheduled_job::frappe.email.queue.flush)
2024-01-13 10:56:05,216 home-hevin-localrepo-hevin1:default: Job OK (car.com::scheduled_job::frappe.email.queue.flush)
2024-01-13 10:56:05,217 Result is kept for 600 seconds
2024-01-13 11:00:04,826 home-hevin-localrepo-hevin1:default: frappe.utils.background_jobs.execute_job(event=None, is_async=True, job_name='frappe.core.doctype.scheduled_job_type.scheduled_job_type.run_scheduled_jo..., kwargs={'job_type': 'frappe.website.doctype.personal_data_deletion_request.persona..., method='frappe.core.doctype.scheduled_job_type.scheduled_job_type.run_scheduled_jo..., site='car.com', user='Administrator') (car.com::scheduled_job::frappe.website.doctype.personal_data_deletion_request.personal_data_deletion_request.process_data_deletion_request)
2024-01-13 11:00:05,568 home-hevin-localrepo-hevin1:default: Job OK (car.com::scheduled_job::frappe.website.doctype.personal_data_deletion_request.personal_data_deletion_request.process_data_deletion_request)
2024-01-13 11:00:05,568 Result is kept for 600 seconds
2024-01-13 11:00:05,575 Cleaning registries for queue: home-hevin-localrepo-hevin1:short
2024-01-13 11:00:05,580 Cleaning registries for queue: home-hevin-localrepo-hevin1:default
2024-01-13 11:00:05,583 Cleaning registries for queue: home-hevin-localrepo-hevin1:long
2024-01-13 11:00:05,590 home-hevin-localrepo-hevin1:default: frappe.utils.background_jobs.execute_job(event=None, is_async=True, job_name='frappe.core.doctype.scheduled_job_type.scheduled_job_type.run_scheduled_jo..., kwargs={'job_type': 'frappe.email.doctype.newsletter.newsletter.send_scheduled_ema..., method='frappe.core.doctype.scheduled_job_type.scheduled_job_type.run_scheduled_jo..., site='car.com', user='Administrator') (car.com::scheduled_job::frappe.email.doctype.newsletter.newsletter.send_scheduled_email)
2024-01-13 11:00:06,098 home-hevin-localrepo-hevin1:default: Job OK (car.com::scheduled_job::frappe.email.doctype.newsletter.newsletter.send_scheduled_email)
2024-01-13 11:00:06,098 Result is kept for 600 seconds
2024-01-13 11:00:06,107 home-hevin-localrepo-hevin1:default: frappe.utils.background_jobs.execute_job(event=None, is_async=True, job_name='frappe.core.doctype.scheduled_job_type.scheduled_job_type.run_scheduled_jo..., kwargs={'job_type': 'frappe.integrations.doctype.google_calendar.google_calendar.s..., method='frappe.core.doctype.scheduled_job_type.scheduled_job_type.run_scheduled_jo..., site='car.com', user='Administrator') (car.com::scheduled_job::frappe.integrations.doctype.google_calendar.google_calendar.sync)
2024-01-13 11:00:06,755 home-hevin-localrepo-hevin1:default: Job OK (car.com::scheduled_job::frappe.integrations.doctype.google_calendar.google_calendar.sync)
2024-01-13 11:00:06,755 Result is kept for 600 seconds
2024-01-13 11:00:06,764 home-hevin-localrepo-hevin1:default: frappe.utils.background_jobs.execute_job(event=None, is_async=True, job_name='frappe.core.doctype.scheduled_job_type.scheduled_job_type.run_scheduled_jo..., kwargs={'job_type': 'frappe.desk.form.document_follow.send_hourly_updates'}, method='frappe.core.doctype.scheduled_job_type.scheduled_job_type.run_scheduled_jo..., site='car.com', user='Administrator') (car.com::scheduled_job::frappe.desk.form.document_follow.send_hourly_updates)
2024-01-13 11:00:07,115 home-hevin-localrepo-hevin1:default: Job OK (car.com::scheduled_job::frappe.desk.form.document_follow.send_hourly_updates)
2024-01-13 11:00:07,115 Result is kept for 600 seconds
2024-01-13 11:00:07,121 home-hevin-localrepo-hevin1:default: frappe.utils.background_jobs.execute_job(event=None, is_async=True, job_name='frappe.core.doctype.scheduled_job_type.scheduled_job_type.run_scheduled_jo..., kwargs={'job_type': 'frappe.deferred_insert.save_to_db'}, method='frappe.core.doctype.scheduled_job_type.scheduled_job_type.run_scheduled_jo..., site='car.com', user='Administrator') (car.com::scheduled_job::frappe.deferred_insert.save_to_db)
2024-01-13 11:00:07,548 home-hevin-localrepo-hevin1:default: Job OK (car.com::scheduled_job::frappe.deferred_insert.save_to_db)
2024-01-13 11:00:07,548 Result is kept for 600 seconds
2024-01-13 11:00:07,553 home-hevin-localrepo-hevin1:default: frappe.utils.background_jobs.execute_job(event=None, is_async=True, job_name='frappe.core.doctype.scheduled_job_type.scheduled_job_type.run_scheduled_jo..., kwargs={'job_type': 'frappe.desk.page.backups.backups.delete_downloadable_backups'..., method='frappe.core.doctype.scheduled_job_type.scheduled_job_type.run_scheduled_jo..., site='car.com', user='Administrator') (car.com::scheduled_job::frappe.desk.page.backups.backups.delete_downloadable_backups)
2024-01-13 11:00:07,872 home-hevin-localrepo-hevin1:default: Job OK (car.com::scheduled_job::frappe.desk.page.backups.backups.delete_downloadable_backups)
2024-01-13 11:00:07,872 Result is kept for 600 seconds
2024-01-13 11:00:07,877 home-hevin-localrepo-hevin1:default: frappe.utils.background_jobs.execute_job(event=None, is_async=True, job_name='frappe.core.doctype.scheduled_job_type.scheduled_job_type.run_scheduled_jo..., kwargs={'job_type': 'frappe.utils.error.collect_error_snapshots'}, method='frappe.core.doctype.scheduled_job_type.scheduled_job_type.run_scheduled_jo..., site='car.com', user='Administrator') (car.com::scheduled_job::frappe.utils.error.collect_error_snapshots)
2024-01-13 11:00:08,189 home-hevin-localrepo-hevin1:default: Job OK (car.com::scheduled_job::frappe.utils.error.collect_error_snapshots)
2024-01-13 11:00:08,189 Result is kept for 600 seconds
2024-01-13 11:00:08,194 home-hevin-localrepo-hevin1:default: frappe.utils.background_jobs.execute_job(event=None, is_async=True, job_name='frappe.core.doctype.scheduled_job_type.scheduled_job_type.run_scheduled_jo..., kwargs={'job_type': 'frappe.model.utils.user_settings.sync_user_settings'}, method='frappe.core.doctype.scheduled_job_type.scheduled_job_type.run_scheduled_jo..., site='car.com', user='Administrator') (car.com::scheduled_job::frappe.model.utils.user_settings.sync_user_settings)
2024-01-13 11:00:08,573 home-hevin-localrepo-hevin1:default: Job OK (car.com::scheduled_job::frappe.model.utils.user_settings.sync_user_settings)
2024-01-13 11:00:08,573 Result is kept for 600 seconds
2024-01-13 11:00:08,580 home-hevin-localrepo-hevin1:default: frappe.utils.background_jobs.execute_job(event=None, is_async=True, job_name='frappe.core.doctype.scheduled_job_type.scheduled_job_type.run_scheduled_jo..., kwargs={'job_type': 'frappe.model.utils.link_count.update_link_count'}, method='frappe.core.doctype.scheduled_job_type.scheduled_job_type.run_scheduled_jo..., site='car.com', user='Administrator') (car.com::scheduled_job::frappe.model.utils.link_count.update_link_count)
2024-01-13 11:00:09,033 home-hevin-localrepo-hevin1:default: Job OK (car.com::scheduled_job::frappe.model.utils.link_count.update_link_count)
2024-01-13 11:00:09,036 Result is kept for 600 seconds
2024-01-13 11:00:09,047 home-hevin-localrepo-hevin1:default: frappe.utils.background_jobs.execute_job(event=None, is_async=True, job_name='frappe.core.doctype.scheduled_job_type.scheduled_job_type.run_scheduled_jo..., kwargs={'job_type': 'frappe.monitor.flush'}, method='frappe.core.doctype.scheduled_job_type.scheduled_job_type.run_scheduled_jo..., site='car.com', user='Administrator') (car.com::scheduled_job::frappe.monitor.flush)
2024-01-13 11:00:09,428 home-hevin-localrepo-hevin1:default: Job OK (car.com::scheduled_job::frappe.monitor.flush)
2024-01-13 11:00:09,429 Result is kept for 600 seconds
2024-01-13 11:00:09,436 home-hevin-localrepo-hevin1:default: frappe.utils.background_jobs.execute_job(event=None, is_async=True, job_name='frappe.core.doctype.scheduled_job_type.scheduled_job_type.run_scheduled_jo..., kwargs={'job_type': 'frappe.utils.global_search.sync_global_search'}, method='frappe.core.doctype.scheduled_job_type.scheduled_job_type.run_scheduled_jo..., site='car.com', user='Administrator') (car.com::scheduled_job::frappe.utils.global_search.sync_global_search)
2024-01-13 11:00:09,796 home-hevin-localrepo-hevin1:default: Job OK (car.com::scheduled_job::frappe.utils.global_search.sync_global_search)
2024-01-13 11:00:09,796 Result is kept for 600 seconds
2024-01-13 11:00:09,804 home-hevin-localrepo-hevin1:default: frappe.utils.background_jobs.execute_job(event=None, is_async=True, job_name='frappe.core.doctype.scheduled_job_type.scheduled_job_type.run_scheduled_jo..., kwargs={'job_type': 'frappe.email.doctype.email_account.email_account.notify_unrep..., method='frappe.core.doctype.scheduled_job_type.scheduled_job_type.run_scheduled_jo..., site='car.com', user='Administrator') (car.com::scheduled_job::frappe.email.doctype.email_account.email_account.notify_unreplied)
2024-01-13 11:00:10,196 home-hevin-localrepo-hevin1:default: Job OK (car.com::scheduled_job::frappe.email.doctype.email_account.email_account.notify_unreplied)
2024-01-13 11:00:10,197 Result is kept for 600 seconds
2024-01-13 11:00:10,207 home-hevin-localrepo-hevin1:default: frappe.utils.background_jobs.execute_job(event=None, is_async=True, job_name='frappe.core.doctype.scheduled_job_type.scheduled_job_type.run_scheduled_jo..., kwargs={'job_type': 'frappe.email.queue.flush'}, method='frappe.core.doctype.scheduled_job_type.scheduled_job_type.run_scheduled_jo..., site='car.com', user='Administrator') (car.com::scheduled_job::frappe.email.queue.flush)
2024-01-13 11:00:10,633 home-hevin-localrepo-hevin1:default: Job OK (car.com::scheduled_job::frappe.email.queue.flush)
2024-01-13 11:00:10,634 Result is kept for 600 seconds
2024-01-13 11:00:10,640 home-hevin-localrepo-hevin1:default: frappe.utils.background_jobs.execute_job(event=None, is_async=True, job_name='frappe.core.doctype.scheduled_job_type.scheduled_job_type.run_scheduled_jo..., kwargs={'job_type': 'frappe.twofactor.delete_all_barcodes_for_users'}, method='frappe.core.doctype.scheduled_job_type.scheduled_job_type.run_scheduled_jo..., site='car.com', user='Administrator') (car.com::scheduled_job::frappe.twofactor.delete_all_barcodes_for_users)
2024-01-13 11:00:10,992 home-hevin-localrepo-hevin1:default: Job OK (car.com::scheduled_job::frappe.twofactor.delete_all_barcodes_for_users)
2024-01-13 11:00:10,992 Result is kept for 600 seconds
2024-01-13 11:00:11,003 home-hevin-localrepo-hevin1:default: frappe.utils.background_jobs.execute_job(event=None, is_async=True, job_name='frappe.core.doctype.scheduled_job_type.scheduled_job_type.run_scheduled_jo..., kwargs={'job_type': 'frappe.website.doctype.web_page.web_page.check_publish_status..., method='frappe.core.doctype.scheduled_job_type.scheduled_job_type.run_scheduled_jo..., site='car.com', user='Administrator') (car.com::scheduled_job::frappe.website.doctype.web_page.web_page.check_publish_status)
2024-01-13 11:00:11,408 home-hevin-localrepo-hevin1:default: Job OK (car.com::scheduled_job::frappe.website.doctype.web_page.web_page.check_publish_status)
2024-01-13 11:00:11,408 Result is kept for 600 seconds
2024-01-13 11:00:11,465 home-hevin-localrepo-hevin1:default: frappe.utils.background_jobs.execute_job(event=None, is_async=True, job_name='frappe.core.doctype.scheduled_job_type.scheduled_job_type.run_scheduled_jo..., kwargs={'job_type': 'frappe.oauth.delete_oauth2_data'}, method='frappe.core.doctype.scheduled_job_type.scheduled_job_type.run_scheduled_jo..., site='car.com', user='Administrator') (car.com::scheduled_job::frappe.oauth.delete_oauth2_data)
2024-01-13 11:00:11,869 home-hevin-localrepo-hevin1:default: Job OK (car.com::scheduled_job::frappe.oauth.delete_oauth2_data)
2024-01-13 11:00:11,870 Result is kept for 600 seconds
2024-01-13 11:01:05,279 home-hevin-localrepo-hevin1:default: frappe.utils.background_jobs.execute_job(event=None, is_async=True, job_name='frappe.core.doctype.scheduled_job_type.scheduled_job_type.run_scheduled_jo..., kwargs={'job_type': 'frappe.email.doctype.email_account.email_account.pull'}, method='frappe.core.doctype.scheduled_job_type.scheduled_job_type.run_scheduled_jo..., site='car.com', user='Administrator') (car.com::scheduled_job::frappe.email.doctype.email_account.email_account.pull)
2024-01-13 11:01:06,296 home-hevin-localrepo-hevin1:default: Job OK (car.com::scheduled_job::frappe.email.doctype.email_account.email_account.pull)
2024-01-13 11:01:06,296 Result is kept for 600 seconds
2024-01-13 11:01:13,747 home-hevin-localrepo-hevin1:default: frappe.utils.background_jobs.execute_job(event=None, is_async=True, job_name='frappe.model.document.execute_action', kwargs={'__doctype': 'Honda Doc', '__name': '5df976da16', '__action': '_rename', '..., method='frappe.model.document.execute_action', site='car.com', user='Administrator') (2679227a-9897-444d-a175-d2f0f82c005a)
2024-01-13 11:01:14,809 home-hevin-localrepo-hevin1:default: Job OK (2679227a-9897-444d-a175-d2f0f82c005a)
2024-01-13 11:01:14,809 Result is kept for 600 seconds
2024-01-13 11:01:14,833 home-hevin-localrepo-hevin1:default: frappe.utils.background_jobs.execute_job(event=None, is_async=True, job_name='frappe.utils.global_search.rebuild_for_doctype', kwargs={'doctype': 'Honda Doc'}, method='frappe.utils.global_search.rebuild_for_doctype', site='car.com', user='Administrator') (db00a0b1-8e3f-4154-8ff5-14c63a743851)
2024-01-13 11:01:15,211 home-hevin-localrepo-hevin1:default: Job OK (db00a0b1-8e3f-4154-8ff5-14c63a743851)
2024-01-13 11:01:15,211 Result is kept for 600 seconds
2024-01-13 11:04:06,133 home-hevin-localrepo-hevin1:default: frappe.utils.background_jobs.execute_job(event=None, is_async=True, job_name='frappe.core.doctype.scheduled_job_type.scheduled_job_type.run_scheduled_jo..., kwargs={'job_type': 'frappe.monitor.flush'}, method='frappe.core.doctype.scheduled_job_type.scheduled_job_type.run_scheduled_jo..., site='car.com', user='Administrator') (car.com::scheduled_job::frappe.monitor.flush)
2024-01-13 11:04:06,416 home-hevin-localrepo-hevin1:default: Job OK (car.com::scheduled_job::frappe.monitor.flush)
2024-01-13 11:04:06,416 Result is kept for 600 seconds
2024-01-13 11:04:06,430 home-hevin-localrepo-hevin1:default: frappe.utils.background_jobs.execute_job(event=None, is_async=True, job_name='frappe.core.doctype.scheduled_job_type.scheduled_job_type.run_scheduled_jo..., kwargs={'job_type': 'frappe.utils.global_search.sync_global_search'}, method='frappe.core.doctype.scheduled_job_type.scheduled_job_type.run_scheduled_jo..., site='car.com', user='Administrator') (car.com::scheduled_job::frappe.utils.global_search.sync_global_search)
2024-01-13 11:04:06,718 home-hevin-localrepo-hevin1:default: Job OK (car.com::scheduled_job::frappe.utils.global_search.sync_global_search)
2024-01-13 11:04:06,719 Result is kept for 600 seconds
2024-01-13 11:04:06,728 home-hevin-localrepo-hevin1:default: frappe.utils.background_jobs.execute_job(event=None, is_async=True, job_name='frappe.core.doctype.scheduled_job_type.scheduled_job_type.run_scheduled_jo..., kwargs={'job_type': 'frappe.email.doctype.email_account.email_account.notify_unrep..., method='frappe.core.doctype.scheduled_job_type.scheduled_job_type.run_scheduled_jo..., site='car.com', user='Administrator') (car.com::scheduled_job::frappe.email.doctype.email_account.email_account.notify_unreplied)
2024-01-13 11:04:07,108 home-hevin-localrepo-hevin1:default: Job OK (car.com::scheduled_job::frappe.email.doctype.email_account.email_account.notify_unreplied)
2024-01-13 11:04:07,109 Result is kept for 600 seconds
2024-01-13 11:04:07,114 home-hevin-localrepo-hevin1:default: frappe.utils.background_jobs.execute_job(event=None, is_async=True, job_name='frappe.core.doctype.scheduled_job_type.scheduled_job_type.run_scheduled_jo..., kwargs={'job_type': 'frappe.email.queue.flush'}, method='frappe.core.doctype.scheduled_job_type.scheduled_job_type.run_scheduled_jo..., site='car.com', user='Administrator') (car.com::scheduled_job::frappe.email.queue.flush)
2024-01-13 11:04:07,535 home-hevin-localrepo-hevin1:default: Job OK (car.com::scheduled_job::frappe.email.queue.flush)
2024-01-13 11:04:07,539 Result is kept for 600 seconds
